This is pdfTeX, Version 3.1415926-2.5-1.40.14 (TeX Live 2013) (format=pdflatex 2013.5.30)  9 MAR 2015 17:56
entering extended mode
 restricted \write18 enabled.
 %&-line parsing enabled.
**stable.tex
(./stable.tex
LaTeX2e <2011/06/27>
Babel <3.9f> and hyphenation patterns for 78 languages loaded.
(/usr/local/texlive/2013/texmf-dist/tex/latex/base/article.cls
Document Class: article 2007/10/19 v1.4h Standard LaTeX document class
(/usr/local/texlive/2013/texmf-dist/tex/latex/base/size11.clo
File: size11.clo 2007/10/19 v1.4h Standard LaTeX file (size option)
)
\c@part=\count79
\c@section=\count80
\c@subsection=\count81
\c@subsubsection=\count82
\c@paragraph=\count83
\c@subparagraph=\count84
\c@figure=\count85
\c@table=\count86
\abovecaptionskip=\skip41
\belowcaptionskip=\skip42
\bibindent=\dimen102
)
(/usr/local/texlive/2013/texmf-dist/tex/latex/graphics/graphicx.sty
Package: graphicx 1999/02/16 v1.0f Enhanced LaTeX Graphics (DPC,SPQR)

(/usr/local/texlive/2013/texmf-dist/tex/latex/graphics/keyval.sty
Package: keyval 1999/03/16 v1.13 key=value parser (DPC)
\KV@toks@=\toks14
)
(/usr/local/texlive/2013/texmf-dist/tex/latex/graphics/graphics.sty
Package: graphics 2009/02/05 v1.0o Standard LaTeX Graphics (DPC,SPQR)

(/usr/local/texlive/2013/texmf-dist/tex/latex/graphics/trig.sty
Package: trig 1999/03/16 v1.09 sin cos tan (DPC)
)
(/usr/local/texlive/2013/texmf-dist/tex/latex/latexconfig/graphics.cfg
File: graphics.cfg 2010/04/23 v1.9 graphics configuration of TeX Live
)
Package graphics Info: Driver file: pdftex.def on input line 91.

(/usr/local/texlive/2013/texmf-dist/tex/latex/pdftex-def/pdftex.def
File: pdftex.def 2011/05/27 v0.06d Graphics/color for pdfTeX

(/usr/local/texlive/2013/texmf-dist/tex/generic/oberdiek/infwarerr.sty
Package: infwarerr 2010/04/08 v1.3 Providing info/warning/error messages (HO)
)
(/usr/local/texlive/2013/texmf-dist/tex/generic/oberdiek/ltxcmds.sty
Package: ltxcmds 2011/11/09 v1.22 LaTeX kernel commands for general use (HO)
)
\Gread@gobject=\count87
))
\Gin@req@height=\dimen103
\Gin@req@width=\dimen104
)
(/usr/local/texlive/2013/texmf-dist/tex/latex/amsmath/amsmath.sty
Package: amsmath 2013/01/14 v2.14 AMS math features
\@mathmargin=\skip43

For additional information on amsmath, use the `?' option.
(/usr/local/texlive/2013/texmf-dist/tex/latex/amsmath/amstext.sty
Package: amstext 2000/06/29 v2.01

(/usr/local/texlive/2013/texmf-dist/tex/latex/amsmath/amsgen.sty
File: amsgen.sty 1999/11/30 v2.0
\@emptytoks=\toks15
\ex@=\dimen105
))
(/usr/local/texlive/2013/texmf-dist/tex/latex/amsmath/amsbsy.sty
Package: amsbsy 1999/11/29 v1.2d
\pmbraise@=\dimen106
)
(/usr/local/texlive/2013/texmf-dist/tex/latex/amsmath/amsopn.sty
Package: amsopn 1999/12/14 v2.01 operator names
)
\inf@bad=\count88
LaTeX Info: Redefining \frac on input line 210.
\uproot@=\count89
\leftroot@=\count90
LaTeX Info: Redefining \overline on input line 306.
\classnum@=\count91
\DOTSCASE@=\count92
LaTeX Info: Redefining \ldots on input line 378.
LaTeX Info: Redefining \dots on input line 381.
LaTeX Info: Redefining \cdots on input line 466.
\Mathstrutbox@=\box26
\strutbox@=\box27
\big@size=\dimen107
LaTeX Font Info:    Redeclaring font encoding OML on input line 566.
LaTeX Font Info:    Redeclaring font encoding OMS on input line 567.
\macc@depth=\count93
\c@MaxMatrixCols=\count94
\dotsspace@=\muskip10
\c@parentequation=\count95
\dspbrk@lvl=\count96
\tag@help=\toks16
\row@=\count97
\column@=\count98
\maxfields@=\count99
\andhelp@=\toks17
\eqnshift@=\dimen108
\alignsep@=\dimen109
\tagshift@=\dimen110
\tagwidth@=\dimen111
\totwidth@=\dimen112
\lineht@=\dimen113
\@envbody=\toks18
\multlinegap=\skip44
\multlinetaggap=\skip45
\mathdisplay@stack=\toks19
LaTeX Info: Redefining \[ on input line 2665.
LaTeX Info: Redefining \] on input line 2666.
)
(/usr/local/texlive/2013/texmf-dist/tex/latex/tools/bm.sty
Package: bm 2004/02/26 v1.1c Bold Symbol Support (DPC/FMi)
\symboldoperators=\mathgroup4
\symboldletters=\mathgroup5
\symboldsymbols=\mathgroup6
LaTeX Font Info:    Redeclaring math alphabet \mathbf on input line 138.
LaTeX Info: Redefining \bm on input line 204.
)
(/usr/local/texlive/2013/texmf-dist/tex/latex/natbib/natbib.sty
Package: natbib 2010/09/13 8.31b (PWD, AO)
\bibhang=\skip46
\bibsep=\skip47
LaTeX Info: Redefining \cite on input line 694.
\c@NAT@ctr=\count100
)
(/usr/local/texlive/2013/texmf-dist/tex/latex/base/inputenc.sty
Package: inputenc 2008/03/30 v1.1d Input encoding file
\inpenc@prehook=\toks20
\inpenc@posthook=\toks21

(/usr/local/texlive/2013/texmf-dist/tex/latex/base/utf8.def
File: utf8.def 2008/04/05 v1.1m UTF-8 support for inputenc
Now handling font encoding OML ...
... no UTF-8 mapping file for font encoding OML
Now handling font encoding T1 ...
... processing UTF-8 mapping file for font encoding T1

(/usr/local/texlive/2013/texmf-dist/tex/latex/base/t1enc.dfu
File: t1enc.dfu 2008/04/05 v1.1m UTF-8 support for inputenc
   defining Unicode char U+00A1 (decimal 161)
   defining Unicode char U+00A3 (decimal 163)
   defining Unicode char U+00AB (decimal 171)
   defining Unicode char U+00BB (decimal 187)
   defining Unicode char U+00BF (decimal 191)
   defining Unicode char U+00C0 (decimal 192)
   defining Unicode char U+00C1 (decimal 193)
   defining Unicode char U+00C2 (decimal 194)
   defining Unicode char U+00C3 (decimal 195)
   defining Unicode char U+00C4 (decimal 196)
   defining Unicode char U+00C5 (decimal 197)
   defining Unicode char U+00C6 (decimal 198)
   defining Unicode char U+00C7 (decimal 199)
   defining Unicode char U+00C8 (decimal 200)
   defining Unicode char U+00C9 (decimal 201)
   defining Unicode char U+00CA (decimal 202)
   defining Unicode char U+00CB (decimal 203)
   defining Unicode char U+00CC (decimal 204)
   defining Unicode char U+00CD (decimal 205)
   defining Unicode char U+00CE (decimal 206)
   defining Unicode char U+00CF (decimal 207)
   defining Unicode char U+00D0 (decimal 208)
   defining Unicode char U+00D1 (decimal 209)
   defining Unicode char U+00D2 (decimal 210)
   defining Unicode char U+00D3 (decimal 211)
   defining Unicode char U+00D4 (decimal 212)
   defining Unicode char U+00D5 (decimal 213)
   defining Unicode char U+00D6 (decimal 214)
   defining Unicode char U+00D8 (decimal 216)
   defining Unicode char U+00D9 (decimal 217)
   defining Unicode char U+00DA (decimal 218)
   defining Unicode char U+00DB (decimal 219)
   defining Unicode char U+00DC (decimal 220)
   defining Unicode char U+00DD (decimal 221)
   defining Unicode char U+00DE (decimal 222)
   defining Unicode char U+00DF (decimal 223)
   defining Unicode char U+00E0 (decimal 224)
   defining Unicode char U+00E1 (decimal 225)
   defining Unicode char U+00E2 (decimal 226)
   defining Unicode char U+00E3 (decimal 227)
   defining Unicode char U+00E4 (decimal 228)
   defining Unicode char U+00E5 (decimal 229)
   defining Unicode char U+00E6 (decimal 230)
   defining Unicode char U+00E7 (decimal 231)
   defining Unicode char U+00E8 (decimal 232)
   defining Unicode char U+00E9 (decimal 233)
   defining Unicode char U+00EA (decimal 234)
   defining Unicode char U+00EB (decimal 235)
   defining Unicode char U+00EC (decimal 236)
   defining Unicode char U+00ED (decimal 237)
   defining Unicode char U+00EE (decimal 238)
   defining Unicode char U+00EF (decimal 239)
   defining Unicode char U+00F0 (decimal 240)
   defining Unicode char U+00F1 (decimal 241)
   defining Unicode char U+00F2 (decimal 242)
   defining Unicode char U+00F3 (decimal 243)
   defining Unicode char U+00F4 (decimal 244)
   defining Unicode char U+00F5 (decimal 245)
   defining Unicode char U+00F6 (decimal 246)
   defining Unicode char U+00F8 (decimal 248)
   defining Unicode char U+00F9 (decimal 249)
   defining Unicode char U+00FA (decimal 250)
   defining Unicode char U+00FB (decimal 251)
   defining Unicode char U+00FC (decimal 252)
   defining Unicode char U+00FD (decimal 253)
   defining Unicode char U+00FE (decimal 254)
   defining Unicode char U+00FF (decimal 255)
   defining Unicode char U+0102 (decimal 258)
   defining Unicode char U+0103 (decimal 259)
   defining Unicode char U+0104 (decimal 260)
   defining Unicode char U+0105 (decimal 261)
   defining Unicode char U+0106 (decimal 262)
   defining Unicode char U+0107 (decimal 263)
   defining Unicode char U+010C (decimal 268)
   defining Unicode char U+010D (decimal 269)
   defining Unicode char U+010E (decimal 270)
   defining Unicode char U+010F (decimal 271)
   defining Unicode char U+0110 (decimal 272)
   defining Unicode char U+0111 (decimal 273)
   defining Unicode char U+0118 (decimal 280)
   defining Unicode char U+0119 (decimal 281)
   defining Unicode char U+011A (decimal 282)
   defining Unicode char U+011B (decimal 283)
   defining Unicode char U+011E (decimal 286)
   defining Unicode char U+011F (decimal 287)
   defining Unicode char U+0130 (decimal 304)
   defining Unicode char U+0131 (decimal 305)
   defining Unicode char U+0132 (decimal 306)
   defining Unicode char U+0133 (decimal 307)
   defining Unicode char U+0139 (decimal 313)
   defining Unicode char U+013A (decimal 314)
   defining Unicode char U+013D (decimal 317)
   defining Unicode char U+013E (decimal 318)
   defining Unicode char U+0141 (decimal 321)
   defining Unicode char U+0142 (decimal 322)
   defining Unicode char U+0143 (decimal 323)
   defining Unicode char U+0144 (decimal 324)
   defining Unicode char U+0147 (decimal 327)
   defining Unicode char U+0148 (decimal 328)
   defining Unicode char U+014A (decimal 330)
   defining Unicode char U+014B (decimal 331)
   defining Unicode char U+0150 (decimal 336)
   defining Unicode char U+0151 (decimal 337)
   defining Unicode char U+0152 (decimal 338)
   defining Unicode char U+0153 (decimal 339)
   defining Unicode char U+0154 (decimal 340)
   defining Unicode char U+0155 (decimal 341)
   defining Unicode char U+0158 (decimal 344)
   defining Unicode char U+0159 (decimal 345)
   defining Unicode char U+015A (decimal 346)
   defining Unicode char U+015B (decimal 347)
   defining Unicode char U+015E (decimal 350)
   defining Unicode char U+015F (decimal 351)
   defining Unicode char U+0160 (decimal 352)
   defining Unicode char U+0161 (decimal 353)
   defining Unicode char U+0162 (decimal 354)
   defining Unicode char U+0163 (decimal 355)
   defining Unicode char U+0164 (decimal 356)
   defining Unicode char U+0165 (decimal 357)
   defining Unicode char U+016E (decimal 366)
   defining Unicode char U+016F (decimal 367)
   defining Unicode char U+0170 (decimal 368)
   defining Unicode char U+0171 (decimal 369)
   defining Unicode char U+0178 (decimal 376)
   defining Unicode char U+0179 (decimal 377)
   defining Unicode char U+017A (decimal 378)
   defining Unicode char U+017B (decimal 379)
   defining Unicode char U+017C (decimal 380)
   defining Unicode char U+017D (decimal 381)
   defining Unicode char U+017E (decimal 382)
   defining Unicode char U+200C (decimal 8204)
   defining Unicode char U+2013 (decimal 8211)
   defining Unicode char U+2014 (decimal 8212)
   defining Unicode char U+2018 (decimal 8216)
   defining Unicode char U+2019 (decimal 8217)
   defining Unicode char U+201A (decimal 8218)
   defining Unicode char U+201C (decimal 8220)
   defining Unicode char U+201D (decimal 8221)
   defining Unicode char U+201E (decimal 8222)
   defining Unicode char U+2030 (decimal 8240)
   defining Unicode char U+2031 (decimal 8241)
   defining Unicode char U+2039 (decimal 8249)
   defining Unicode char U+203A (decimal 8250)
   defining Unicode char U+2423 (decimal 9251)
)
Now handling font encoding OT1 ...
... processing UTF-8 mapping file for font encoding OT1

(/usr/local/texlive/2013/texmf-dist/tex/latex/base/ot1enc.dfu
File: ot1enc.dfu 2008/04/05 v1.1m UTF-8 support for inputenc
   defining Unicode char U+00A1 (decimal 161)
   defining Unicode char U+00A3 (decimal 163)
   defining Unicode char U+00B8 (decimal 184)
   defining Unicode char U+00BF (decimal 191)
   defining Unicode char U+00C5 (decimal 197)
   defining Unicode char U+00C6 (decimal 198)
   defining Unicode char U+00D8 (decimal 216)
   defining Unicode char U+00DF (decimal 223)
   defining Unicode char U+00E6 (decimal 230)
   defining Unicode char U+00EC (decimal 236)
   defining Unicode char U+00ED (decimal 237)
   defining Unicode char U+00EE (decimal 238)
   defining Unicode char U+00EF (decimal 239)
   defining Unicode char U+00F8 (decimal 248)
   defining Unicode char U+0131 (decimal 305)
   defining Unicode char U+0141 (decimal 321)
   defining Unicode char U+0142 (decimal 322)
   defining Unicode char U+0152 (decimal 338)
   defining Unicode char U+0153 (decimal 339)
   defining Unicode char U+2013 (decimal 8211)
   defining Unicode char U+2014 (decimal 8212)
   defining Unicode char U+2018 (decimal 8216)
   defining Unicode char U+2019 (decimal 8217)
   defining Unicode char U+201C (decimal 8220)
   defining Unicode char U+201D (decimal 8221)
)
Now handling font encoding OMS ...
... processing UTF-8 mapping file for font encoding OMS

(/usr/local/texlive/2013/texmf-dist/tex/latex/base/omsenc.dfu
File: omsenc.dfu 2008/04/05 v1.1m UTF-8 support for inputenc
   defining Unicode char U+00A7 (decimal 167)
   defining Unicode char U+00B6 (decimal 182)
   defining Unicode char U+00B7 (decimal 183)
   defining Unicode char U+2020 (decimal 8224)
   defining Unicode char U+2021 (decimal 8225)
   defining Unicode char U+2022 (decimal 8226)
)
Now handling font encoding OMX ...
... no UTF-8 mapping file for font encoding OMX
Now handling font encoding U ...
... no UTF-8 mapping file for font encoding U
   defining Unicode char U+00A9 (decimal 169)
   defining Unicode char U+00AA (decimal 170)
   defining Unicode char U+00AE (decimal 174)
   defining Unicode char U+00BA (decimal 186)
   defining Unicode char U+02C6 (decimal 710)
   defining Unicode char U+02DC (decimal 732)
   defining Unicode char U+200C (decimal 8204)
   defining Unicode char U+2026 (decimal 8230)
   defining Unicode char U+2122 (decimal 8482)
   defining Unicode char U+2423 (decimal 9251)
))
(/usr/local/texlive/2013/texmf-dist/tex/latex/xcolor/xcolor.sty
Package: xcolor 2007/01/21 v2.11 LaTeX color extensions (UK)

(/usr/local/texlive/2013/texmf-dist/tex/latex/latexconfig/color.cfg
File: color.cfg 2007/01/18 v1.5 color configuration of teTeX/TeXLive
)
Package xcolor Info: Package option `usenames' ignored on input line 216.
Package xcolor Info: Driver file: pdftex.def on input line 225.
Package xcolor Info: Model `cmy' substituted by `cmy0' on input line 1337.
Package xcolor Info: Model `hsb' substituted by `rgb' on input line 1341.
Package xcolor Info: Model `RGB' extended on input line 1353.
Package xcolor Info: Model `HTML' substituted by `rgb' on input line 1355.
Package xcolor Info: Model `Hsb' substituted by `hsb' on input line 1356.
Package xcolor Info: Model `tHsb' substituted by `hsb' on input line 1357.
Package xcolor Info: Model `HSB' substituted by `hsb' on input line 1358.
Package xcolor Info: Model `Gray' substituted by `gray' on input line 1359.
Package xcolor Info: Model `wave' substituted by `hsb' on input line 1360.

(/usr/local/texlive/2013/texmf-dist/tex/latex/graphics/dvipsnam.def
File: dvipsnam.def 1999/02/16 v3.0i Driver-dependant file (DPC,SPQR)
))
(/usr/local/texlive/2013/texmf-dist/tex/latex/geometry/geometry.sty
Package: geometry 2010/09/12 v5.6 Page Geometry

(/usr/local/texlive/2013/texmf-dist/tex/generic/oberdiek/ifpdf.sty
Package: ifpdf 2011/01/30 v2.3 Provides the ifpdf switch (HO)
Package ifpdf Info: pdfTeX in PDF mode is detected.
)
(/usr/local/texlive/2013/texmf-dist/tex/generic/oberdiek/ifvtex.sty
Package: ifvtex 2010/03/01 v1.5 Detect VTeX and its facilities (HO)
Package ifvtex Info: VTeX not detected.
)
(/usr/local/texlive/2013/texmf-dist/tex/generic/ifxetex/ifxetex.sty
Package: ifxetex 2010/09/12 v0.6 Provides ifxetex conditional
)
\Gm@cnth=\count101
\Gm@cntv=\count102
\c@Gm@tempcnt=\count103
\Gm@bindingoffset=\dimen114
\Gm@wd@mp=\dimen115
\Gm@odd@mp=\dimen116
\Gm@even@mp=\dimen117
\Gm@layoutwidth=\dimen118
\Gm@layoutheight=\dimen119
\Gm@layouthoffset=\dimen120
\Gm@layoutvoffset=\dimen121
\Gm@dimlist=\toks22
)
(/usr/local/texlive/2013/texmf-dist/tex/latex/hyperref/hyperref.sty
Package: hyperref 2012/11/06 v6.83m Hypertext links for LaTeX

(/usr/local/texlive/2013/texmf-dist/tex/generic/oberdiek/hobsub-hyperref.sty
Package: hobsub-hyperref 2012/05/28 v1.13 Bundle oberdiek, subset hyperref (HO)


(/usr/local/texlive/2013/texmf-dist/tex/generic/oberdiek/hobsub-generic.sty
Package: hobsub-generic 2012/05/28 v1.13 Bundle oberdiek, subset generic (HO)
Package: hobsub 2012/05/28 v1.13 Construct package bundles (HO)
Package hobsub Info: Skipping package `infwarerr' (already loaded).
Package hobsub Info: Skipping package `ltxcmds' (already loaded).
Package: ifluatex 2010/03/01 v1.3 Provides the ifluatex switch (HO)
Package ifluatex Info: LuaTeX not detected.
Package hobsub Info: Skipping package `ifvtex' (already loaded).
Package: intcalc 2007/09/27 v1.1 Expandable calculations with integers (HO)
Package hobsub Info: Skipping package `ifpdf' (already loaded).
Package: etexcmds 2011/02/16 v1.5 Avoid name clashes with e-TeX commands (HO)
Package etexcmds Info: Could not find \expanded.
(etexcmds)             That can mean that you are not using pdfTeX 1.50 or
(etexcmds)             that some package has redefined \expanded.
(etexcmds)             In the latter case, load this package earlier.
Package: kvsetkeys 2012/04/25 v1.16 Key value parser (HO)
Package: kvdefinekeys 2011/04/07 v1.3 Define keys (HO)
Package: pdftexcmds 2011/11/29 v0.20 Utility functions of pdfTeX for LuaTeX (HO
)
Package pdftexcmds Info: LuaTeX not detected.
Package pdftexcmds Info: \pdf@primitive is available.
Package pdftexcmds Info: \pdf@ifprimitive is available.
Package pdftexcmds Info: \pdfdraftmode found.
Package: pdfescape 2011/11/25 v1.13 Implements pdfTeX's escape features (HO)
Package: bigintcalc 2012/04/08 v1.3 Expandable calculations on big integers (HO
)
Package: bitset 2011/01/30 v1.1 Handle bit-vector datatype (HO)
Package: uniquecounter 2011/01/30 v1.2 Provide unlimited unique counter (HO)
)
Package hobsub Info: Skipping package `hobsub' (already loaded).
Package: letltxmacro 2010/09/02 v1.4 Let assignment for LaTeX macros (HO)
Package: hopatch 2012/05/28 v1.2 Wrapper for package hooks (HO)
Package: xcolor-patch 2011/01/30 xcolor patch
Package: atveryend 2011/06/30 v1.8 Hooks at the very end of document (HO)
Package atveryend Info: \enddocument detected (standard20110627).
Package: atbegshi 2011/10/05 v1.16 At begin shipout hook (HO)
Package: refcount 2011/10/16 v3.4 Data extraction from label references (HO)
Package: hycolor 2011/01/30 v1.7 Color options for hyperref/bookmark (HO)
)
(/usr/local/texlive/2013/texmf-dist/tex/latex/oberdiek/auxhook.sty
Package: auxhook 2011/03/04 v1.3 Hooks for auxiliary files (HO)
)
(/usr/local/texlive/2013/texmf-dist/tex/latex/oberdiek/kvoptions.sty
Package: kvoptions 2011/06/30 v3.11 Key value format for package options (HO)
)
\@linkdim=\dimen122
\Hy@linkcounter=\count104
\Hy@pagecounter=\count105

(/usr/local/texlive/2013/texmf-dist/tex/latex/hyperref/pd1enc.def
File: pd1enc.def 2012/11/06 v6.83m Hyperref: PDFDocEncoding definition (HO)
Now handling font encoding PD1 ...
... no UTF-8 mapping file for font encoding PD1
)
\Hy@SavedSpaceFactor=\count106

(/usr/local/texlive/2013/texmf-dist/tex/latex/latexconfig/hyperref.cfg
File: hyperref.cfg 2002/06/06 v1.2 hyperref configuration of TeXLive
)
Package hyperref Info: Hyper figures OFF on input line 4443.
Package hyperref Info: Link nesting OFF on input line 4448.
Package hyperref Info: Hyper index ON on input line 4451.
Package hyperref Info: Plain pages OFF on input line 4458.
Package hyperref Info: Backreferencing OFF on input line 4463.
Package hyperref Info: Implicit mode ON; LaTeX internals redefined.
Package hyperref Info: Bookmarks ON on input line 4688.
\c@Hy@tempcnt=\count107

(/usr/local/texlive/2013/texmf-dist/tex/latex/url/url.sty
\Urlmuskip=\muskip11
Package: url 2006/04/12  ver 3.3  Verb mode for urls, etc.
)
LaTeX Info: Redefining \url on input line 5041.
\XeTeXLinkMargin=\dimen123
\Fld@menulength=\count108
\Field@Width=\dimen124
\Fld@charsize=\dimen125
Package hyperref Info: Hyper figures OFF on input line 6295.
Package hyperref Info: Link nesting OFF on input line 6300.
Package hyperref Info: Hyper index ON on input line 6303.
Package hyperref Info: backreferencing OFF on input line 6310.
Package hyperref Info: Link coloring OFF on input line 6315.
Package hyperref Info: Link coloring with OCG OFF on input line 6320.
Package hyperref Info: PDF/A mode OFF on input line 6325.
LaTeX Info: Redefining \ref on input line 6365.
LaTeX Info: Redefining \pageref on input line 6369.
\Hy@abspage=\count109
\c@Item=\count110
\c@Hfootnote=\count111
)

Package hyperref Message: Driver (autodetected): hpdftex.

(/usr/local/texlive/2013/texmf-dist/tex/latex/hyperref/hpdftex.def
File: hpdftex.def 2012/11/06 v6.83m Hyperref driver for pdfTeX
\Fld@listcount=\count112
\c@bookmark@seq@number=\count113

(/usr/local/texlive/2013/texmf-dist/tex/latex/oberdiek/rerunfilecheck.sty
Package: rerunfilecheck 2011/04/15 v1.7 Rerun checks for auxiliary files (HO)
Package uniquecounter Info: New unique counter `rerunfilecheck' on input line 2
82.
)
\Hy@SectionHShift=\skip48
)
(/usr/local/texlive/2013/texmf-dist/tex/latex/oberdiek/epstopdf.sty
Package: epstopdf 2010/02/09 v2.5 Conversion with epstopdf on the fly (HO)

(/usr/local/texlive/2013/texmf-dist/tex/latex/oberdiek/epstopdf-base.sty
Package: epstopdf-base 2010/02/09 v2.5 Base part for package epstopdf

(/usr/local/texlive/2013/texmf-dist/tex/latex/oberdiek/grfext.sty
Package: grfext 2010/08/19 v1.1 Manage graphics extensions (HO)
)
Package grfext Info: Graphics extension search list:
(grfext)             [.png,.pdf,.jpg,.mps,.jpeg,.jbig2,.jb2,.PNG,.PDF,.JPG,.JPE
G,.JBIG2,.JB2,.eps]
(grfext)             \AppendGraphicsExtensions on input line 452.

(/usr/local/texlive/2013/texmf-dist/tex/latex/latexconfig/epstopdf-sys.cfg
File: epstopdf-sys.cfg 2010/07/13 v1.3 Configuration of (r)epstopdf for TeX Liv
e
)))
(/usr/local/texlive/2013/texmf-dist/tex/latex/graphics/lscape.sty
Package: lscape 2000/10/22 v3.01 Landscape Pages (DPC)
)
(/usr/local/texlive/2013/texmf-dist/tex/latex/multirow/multirow.sty
\bigstrutjot=\dimen126
)
(/usr/local/texlive/2013/texmf-dist/tex/latex/booktabs/booktabs.sty
Package: booktabs 2005/04/14 v1.61803 publication quality tables
\heavyrulewidth=\dimen127
\lightrulewidth=\dimen128
\cmidrulewidth=\dimen129
\belowrulesep=\dimen130
\belowbottomsep=\dimen131
\aboverulesep=\dimen132
\abovetopsep=\dimen133
\cmidrulesep=\dimen134
\cmidrulekern=\dimen135
\defaultaddspace=\dimen136
\@cmidla=\count114
\@cmidlb=\count115
\@aboverulesep=\dimen137
\@belowrulesep=\dimen138
\@thisruleclass=\count116
\@lastruleclass=\count117
\@thisrulewidth=\dimen139
)
(/usr/local/texlive/2013/texmf-dist/tex/latex/tools/array.sty
Package: array 2008/09/09 v2.4c Tabular extension package (FMi)
\col@sep=\dimen140
\extrarowheight=\dimen141
\NC@list=\toks23
\extratabsurround=\skip49
\backup@length=\skip50
)
(/usr/local/texlive/2013/texmf-dist/tex/latex/arydshln/arydshln.sty
Package: arydshln 2004/08/31 v1.71 
\dashlinedash=\dimen142
\dashlinegap=\dimen143
\adl@box=\box28
\adl@height=\dimen144
\adl@heightsave=\dimen145
\adl@depth=\dimen146
\adl@depthsave=\dimen147
\adl@finaldepth=\dimen148
\adl@columns=\count118
\adl@ncol=\count119
\adl@currentcolumn=\count120
\adl@currentcolumnsave=\count121
\adl@totalheight=\count122
\adl@totalheightsave=\count123
\adl@dash=\count124
\adl@gap=\count125
\adl@cla=\count126
\adl@clb=\count127
\adl@everyvbox=\toks24
\adl@LTpagetotal=\dimen149
)
(./stable.aux

LaTeX Warning: Label `Fig1' multiply defined.


LaTeX Warning: Label `tag:scaled_diss' multiply defined.


LaTeX Warning: Label `fig:scaled_diss' multiply defined.


LaTeX Warning: Label `fig:scaled_diss' multiply defined.


LaTeX Warning: Label `fig:scaled_diss' multiply defined.


LaTeX Warning: Label `fig:scaled_diss' multiply defined.

)
\openout1 = `stable.aux'.

LaTeX Font Info:    Checking defaults for OML/cmm/m/it on input line 18.
LaTeX Font Info:    ... okay on input line 18.
LaTeX Font Info:    Checking defaults for T1/cmr/m/n on input line 18.
LaTeX Font Info:    ... okay on input line 18.
LaTeX Font Info:    Checking defaults for OT1/cmr/m/n on input line 18.
LaTeX Font Info:    ... okay on input line 18.
LaTeX Font Info:    Checking defaults for OMS/cmsy/m/n on input line 18.
LaTeX Font Info:    ... okay on input line 18.
LaTeX Font Info:    Checking defaults for OMX/cmex/m/n on input line 18.
LaTeX Font Info:    ... okay on input line 18.
LaTeX Font Info:    Checking defaults for U/cmr/m/n on input line 18.
LaTeX Font Info:    ... okay on input line 18.
LaTeX Font Info:    Checking defaults for PD1/pdf/m/n on input line 18.
LaTeX Font Info:    ... okay on input line 18.
 (/usr/local/texlive/2013/texmf-dist/tex/context/base/supp-pdf.mkii
[Loading MPS to PDF converter (version 2006.09.02).]
\scratchcounter=\count128
\scratchdimen=\dimen150
\scratchbox=\box29
\nofMPsegments=\count129
\nofMParguments=\count130
\everyMPshowfont=\toks25
\MPscratchCnt=\count131
\MPscratchDim=\dimen151
\MPnumerator=\count132
\makeMPintoPDFobject=\count133
\everyMPtoPDFconversion=\toks26
)
*geometry* driver: auto-detecting
*geometry* detected driver: pdftex
*geometry* verbose mode - [ preamble ] result:
* driver: pdftex
* paper: a4paper
* layout: <same size as paper>
* layoutoffset:(h,v)=(0.0pt,0.0pt)
* modes: 
* h-part:(L,W,R)=(56.9055pt, 483.69687pt, 56.9055pt)
* v-part:(T,H,B)=(56.9055pt, 731.23584pt, 56.9055pt)
* \paperwidth=597.50787pt
* \paperheight=845.04684pt
* \textwidth=483.69687pt
* \textheight=731.23584pt
* \oddsidemargin=-15.36449pt
* \evensidemargin=-15.36449pt
* \topmargin=-52.36449pt
* \headheight=12.0pt
* \headsep=25.0pt
* \topskip=11.0pt
* \footskip=30.0pt
* \marginparwidth=50.0pt
* \marginparsep=10.0pt
* \columnsep=10.0pt
* \skip\footins=10.0pt plus 4.0pt minus 2.0pt
* \hoffset=0.0pt
* \voffset=0.0pt
* \mag=1000
* \@twocolumnfalse
* \@twosidefalse
* \@mparswitchfalse
* \@reversemarginfalse
* (1in=72.27pt=25.4mm, 1cm=28.453pt)

\AtBeginShipoutBox=\box30
Package hyperref Info: Link coloring OFF on input line 18.
(/usr/local/texlive/2013/texmf-dist/tex/latex/hyperref/nameref.sty
Package: nameref 2012/10/27 v2.43 Cross-referencing by name of section

(/usr/local/texlive/2013/texmf-dist/tex/generic/oberdiek/gettitlestring.sty
Package: gettitlestring 2010/12/03 v1.4 Cleanup title references (HO)
)
\c@section@level=\count134
)
LaTeX Info: Redefining \ref on input line 18.
LaTeX Info: Redefining \pageref on input line 18.
LaTeX Info: Redefining \nameref on input line 18.

(./stable.out) (./stable.out)
\@outlinefile=\write3
\openout3 = `stable.out'.



LaTeX Warning: No \author given.


Underfull \hbox (badness 10000) in paragraph at lines 24--26

 []


Underfull \hbox (badness 10000) in paragraph at lines 27--30

 []


Underfull \hbox (badness 10000) in paragraph at lines 31--33

 []


Underfull \hbox (badness 10000) in paragraph at lines 34--36

 []

[1

{/usr/local/texlive/2013/texmf-var/fonts/map/pdftex/updmap/pdftex.map}]
Underfull \hbox (badness 10000) in paragraph at lines 37--39

 []


Underfull \hbox (badness 10000) in paragraph at lines 45--46

 []


Underfull \hbox (badness 10000) in paragraph at lines 47--48

 []

[2]
Underfull \hbox (badness 10000) in paragraph at lines 66--68

 []

[3]
Package epstopdf Info: Source file: <../Figures/var_dens1.eps>
(epstopdf)                    date: 2015-02-16 14:32:09
(epstopdf)                    size: 6675 bytes
(epstopdf)             Output file: <./var_dens1-eps-converted-to.pdf>
(epstopdf)                    date: 2015-02-16 14:32:45
(epstopdf)                    size: 12940 bytes
(epstopdf)             Command: <repstopdf --outfile=./var_dens1-eps-converted-
to.pdf ../Figures/var_dens1.eps>
(epstopdf)             \includegraphics on input line 96.
Package epstopdf Info: Output file is already uptodate.
 <./var_dens1-eps-converted-to.pdf, id=172, 560.0925pt x 363.3575pt>
File: ./var_dens1-eps-converted-to.pdf Graphic file (type pdf)

<use ./var_dens1-eps-converted-to.pdf>
Package pdftex.def Info: ./var_dens1-eps-converted-to.pdf used on input line 96
.
(pdftex.def)             Requested size: 168.02904pt x 109.00809pt.
Package epstopdf Info: Source file: <../Figures/var_dens2.eps>
(epstopdf)                    date: 2015-02-16 14:32:18
(epstopdf)                    size: 6738 bytes
(epstopdf)             Output file: <./var_dens2-eps-converted-to.pdf>
(epstopdf)                    date: 2015-02-16 14:32:46
(epstopdf)                    size: 12621 bytes
(epstopdf)             Command: <repstopdf --outfile=./var_dens2-eps-converted-
to.pdf ../Figures/var_dens2.eps>
(epstopdf)             \includegraphics on input line 97.
Package epstopdf Info: Output file is already uptodate.

<./var_dens2-eps-converted-to.pdf, id=173, 560.0925pt x 363.3575pt>
File: ./var_dens2-eps-converted-to.pdf Graphic file (type pdf)

<use ./var_dens2-eps-converted-to.pdf>
Package pdftex.def Info: ./var_dens2-eps-converted-to.pdf used on input line 97
.
(pdftex.def)             Requested size: 168.02904pt x 109.00809pt.
Package epstopdf Info: Source file: <../Figures/var_dens3.eps>
(epstopdf)                    date: 2015-02-16 14:32:30
(epstopdf)                    size: 6827 bytes
(epstopdf)             Output file: <./var_dens3-eps-converted-to.pdf>
(epstopdf)                    date: 2015-02-16 14:32:48
(epstopdf)                    size: 12847 bytes
(epstopdf)             Command: <repstopdf --outfile=./var_dens3-eps-converted-
to.pdf ../Figures/var_dens3.eps>
(epstopdf)             \includegraphics on input line 98.
Package epstopdf Info: Output file is already uptodate.

<./var_dens3-eps-converted-to.pdf, id=174, 560.0925pt x 363.3575pt>
File: ./var_dens3-eps-converted-to.pdf Graphic file (type pdf)

<use ./var_dens3-eps-converted-to.pdf>
Package pdftex.def Info: ./var_dens3-eps-converted-to.pdf used on input line 98
.
(pdftex.def)             Requested size: 168.02904pt x 109.00809pt.


LaTeX Warning: `!h' float specifier changed to `!ht'.

<../Figures/v1.png, id=175, 509.905pt x 431.6125pt>
File: ../Figures/v1.png Graphic file (type png)
 <use ../Figures/v1.png>
Package pdftex.def Info: ../Figures/v1.png used on input line 106.
(pdftex.def)             Requested size: 152.97267pt x 129.48474pt.

<../Figures/v2.png, id=177, 509.905pt x 431.6125pt>
File: ../Figures/v2.png Graphic file (type png)
 <use ../Figures/v2.png>
Package pdftex.def Info: ../Figures/v2.png used on input line 107.
(pdftex.def)             Requested size: 152.97267pt x 129.48474pt.

<../Figures/v3.png, id=178, 509.905pt x 431.6125pt>
File: ../Figures/v3.png Graphic file (type png)
 <use ../Figures/v3.png>
Package pdftex.def Info: ../Figures/v3.png used on input line 108.
(pdftex.def)             Requested size: 152.97267pt x 129.48474pt.


LaTeX Warning: `!h' float specifier changed to `!ht'.

[4] [5 <./var_dens1-eps-converted-to.pdf> <./var_dens2-eps-converted-to.pdf> <.
/var_dens3-eps-converted-to.pdf> <../Figures/v1.png> <../Figures/v2.png> <../Fi
gures/v3.png>]
Package epstopdf Info: Source file: <../Figures/A1.eps>
(epstopdf)                    date: 2014-10-30 11:59:54
(epstopdf)                    size: 18915 bytes
(epstopdf)             Output file: <./A1-eps-converted-to.pdf>
(epstopdf)                    date: 2014-10-30 13:36:53
(epstopdf)                    size: 13881 bytes
(epstopdf)             Command: <repstopdf --outfile=./A1-eps-converted-to.pdf 
../Figures/A1.eps>
(epstopdf)             \includegraphics on input line 119.
Package epstopdf Info: Output file is already uptodate.
 <./A1-eps-converted-to.pdf, id=234, 463.7325pt x 324.21124pt>
File: ./A1-eps-converted-to.pdf Graphic file (type pdf)

<use ./A1-eps-converted-to.pdf>
Package pdftex.def Info: ./A1-eps-converted-to.pdf used on input line 119.
(pdftex.def)             Requested size: 185.4897pt x 129.68219pt.
Package epstopdf Info: Source file: <../Figures/B1.eps>
(epstopdf)                    date: 2014-10-30 12:00:07
(epstopdf)                    size: 18900 bytes
(epstopdf)             Output file: <./B1-eps-converted-to.pdf>
(epstopdf)                    date: 2014-10-30 13:36:55
(epstopdf)                    size: 13979 bytes
(epstopdf)             Command: <repstopdf --outfile=./B1-eps-converted-to.pdf 
../Figures/B1.eps>
(epstopdf)             \includegraphics on input line 120.
Package epstopdf Info: Output file is already uptodate.

<./B1-eps-converted-to.pdf, id=235, 463.7325pt x 324.21124pt>
File: ./B1-eps-converted-to.pdf Graphic file (type pdf)

<use ./B1-eps-converted-to.pdf>
Package pdftex.def Info: ./B1-eps-converted-to.pdf used on input line 120.
(pdftex.def)             Requested size: 185.4897pt x 129.68219pt.
Package epstopdf Info: Source file: <../Figures/C1.eps>
(epstopdf)                    date: 2014-10-30 12:00:30
(epstopdf)                    size: 18885 bytes
(epstopdf)             Output file: <./C1-eps-converted-to.pdf>
(epstopdf)                    date: 2014-10-30 13:36:56
(epstopdf)                    size: 13848 bytes
(epstopdf)             Command: <repstopdf --outfile=./C1-eps-converted-to.pdf 
../Figures/C1.eps>
(epstopdf)             \includegraphics on input line 121.
Package epstopdf Info: Output file is already uptodate.

<./C1-eps-converted-to.pdf, id=236, 463.7325pt x 324.21124pt>
File: ./C1-eps-converted-to.pdf Graphic file (type pdf)

<use ./C1-eps-converted-to.pdf>
Package pdftex.def Info: ./C1-eps-converted-to.pdf used on input line 121.
(pdftex.def)             Requested size: 185.4897pt x 129.68219pt.
Package epstopdf Info: Source file: <../Figures/A2.eps>
(epstopdf)                    date: 2014-10-30 12:00:53
(epstopdf)                    size: 14067 bytes
(epstopdf)             Output file: <./A2-eps-converted-to.pdf>
(epstopdf)                    date: 2014-10-30 13:36:57
(epstopdf)                    size: 12675 bytes
(epstopdf)             Command: <repstopdf --outfile=./A2-eps-converted-to.pdf 
../Figures/A2.eps>
(epstopdf)             \includegraphics on input line 123.
Package epstopdf Info: Output file is already uptodate.

<./A2-eps-converted-to.pdf, id=237, 463.7325pt x 324.21124pt>
File: ./A2-eps-converted-to.pdf Graphic file (type pdf)

<use ./A2-eps-converted-to.pdf>
Package pdftex.def Info: ./A2-eps-converted-to.pdf used on input line 123.
(pdftex.def)             Requested size: 185.4897pt x 129.68219pt.
Package epstopdf Info: Source file: <../Figures/B2.eps>
(epstopdf)                    date: 2014-10-30 12:01:12
(epstopdf)                    size: 14035 bytes
(epstopdf)             Output file: <./B2-eps-converted-to.pdf>
(epstopdf)                    date: 2014-10-30 13:36:58
(epstopdf)                    size: 12638 bytes
(epstopdf)             Command: <repstopdf --outfile=./B2-eps-converted-to.pdf 
../Figures/B2.eps>
(epstopdf)             \includegraphics on input line 124.
Package epstopdf Info: Output file is already uptodate.

<./B2-eps-converted-to.pdf, id=238, 463.7325pt x 324.21124pt>
File: ./B2-eps-converted-to.pdf Graphic file (type pdf)

<use ./B2-eps-converted-to.pdf>
Package pdftex.def Info: ./B2-eps-converted-to.pdf used on input line 124.
(pdftex.def)             Requested size: 185.4897pt x 129.68219pt.
Package epstopdf Info: Source file: <../Figures/C2.eps>
(epstopdf)                    date: 2014-10-30 13:11:54
(epstopdf)                    size: 14021 bytes
(epstopdf)             Output file: <./C2-eps-converted-to.pdf>
(epstopdf)                    date: 2014-10-30 13:37:00
(epstopdf)                    size: 12666 bytes
(epstopdf)             Command: <repstopdf --outfile=./C2-eps-converted-to.pdf 
../Figures/C2.eps>
(epstopdf)             \includegraphics on input line 125.
Package epstopdf Info: Output file is already uptodate.

<./C2-eps-converted-to.pdf, id=239, 436.63126pt x 253.94875pt>
File: ./C2-eps-converted-to.pdf Graphic file (type pdf)

<use ./C2-eps-converted-to.pdf>
Package pdftex.def Info: ./C2-eps-converted-to.pdf used on input line 125.
(pdftex.def)             Requested size: 174.6494pt x 101.5777pt.
Package epstopdf Info: Source file: <../Figures/A3.eps>
(epstopdf)                    date: 2014-10-30 12:03:16
(epstopdf)                    size: 17166 bytes
(epstopdf)             Output file: <./A3-eps-converted-to.pdf>
(epstopdf)                    date: 2014-10-30 13:37:01
(epstopdf)                    size: 13420 bytes
(epstopdf)             Command: <repstopdf --outfile=./A3-eps-converted-to.pdf 
../Figures/A3.eps>
(epstopdf)             \includegraphics on input line 127.
Package epstopdf Info: Output file is already uptodate.

<./A3-eps-converted-to.pdf, id=240, 463.7325pt x 324.21124pt>
File: ./A3-eps-converted-to.pdf Graphic file (type pdf)

<use ./A3-eps-converted-to.pdf>
Package pdftex.def Info: ./A3-eps-converted-to.pdf used on input line 127.
(pdftex.def)             Requested size: 185.4897pt x 129.68219pt.
Package epstopdf Info: Source file: <../Figures/B3.eps>
(epstopdf)                    date: 2014-10-30 12:03:10
(epstopdf)                    size: 17123 bytes
(epstopdf)             Output file: <./B3-eps-converted-to.pdf>
(epstopdf)                    date: 2014-10-30 13:37:02
(epstopdf)                    size: 13425 bytes
(epstopdf)             Command: <repstopdf --outfile=./B3-eps-converted-to.pdf 
../Figures/B3.eps>
(epstopdf)             \includegraphics on input line 128.
Package epstopdf Info: Output file is already uptodate.

<./B3-eps-converted-to.pdf, id=241, 463.7325pt x 324.21124pt>
File: ./B3-eps-converted-to.pdf Graphic file (type pdf)

<use ./B3-eps-converted-to.pdf>
Package pdftex.def Info: ./B3-eps-converted-to.pdf used on input line 128.
(pdftex.def)             Requested size: 185.4897pt x 129.68219pt.
Package epstopdf Info: Source file: <../Figures/C3.eps>
(epstopdf)                    date: 2014-10-30 12:02:54
(epstopdf)                    size: 17127 bytes
(epstopdf)             Output file: <./C3-eps-converted-to.pdf>
(epstopdf)                    date: 2014-10-30 13:37:03
(epstopdf)                    size: 13496 bytes
(epstopdf)             Command: <repstopdf --outfile=./C3-eps-converted-to.pdf 
../Figures/C3.eps>
(epstopdf)             \includegraphics on input line 129.
Package epstopdf Info: Output file is already uptodate.

<./C3-eps-converted-to.pdf, id=242, 463.7325pt x 324.21124pt>
File: ./C3-eps-converted-to.pdf Graphic file (type pdf)

<use ./C3-eps-converted-to.pdf>
Package pdftex.def Info: ./C3-eps-converted-to.pdf used on input line 129.
(pdftex.def)             Requested size: 185.4897pt x 129.68219pt.
 [6 <./A1-eps-converted-to.pdf> <./B1-eps-converted-to.pdf> <./C1-eps-converted
-to.pdf> <./A2-eps-converted-to.pdf> <./B2-eps-converted-to.pdf> <./C2-eps-conv
erted-to.pdf> <./A3-eps-converted-to.pdf> <./B3-eps-converted-to.pdf> <./C3-eps
-converted-to.pdf>]
Package epstopdf Info: Source file: <../Figures/crez1.eps>
(epstopdf)                    date: 2014-10-30 12:11:48
(epstopdf)                    size: 16824 bytes
(epstopdf)             Output file: <./crez1-eps-converted-to.pdf>
(epstopdf)                    date: 2014-10-30 13:37:04
(epstopdf)                    size: 16599 bytes
(epstopdf)             Command: <repstopdf --outfile=./crez1-eps-converted-to.p
df ../Figures/crez1.eps>
(epstopdf)             \includegraphics on input line 138.
Package epstopdf Info: Output file is already uptodate.

<./crez1-eps-converted-to.pdf, id=346, 463.7325pt x 324.21124pt>
File: ./crez1-eps-converted-to.pdf Graphic file (type pdf)

<use ./crez1-eps-converted-to.pdf>
Package pdftex.def Info: ./crez1-eps-converted-to.pdf used on input line 138.
(pdftex.def)             Requested size: 185.4897pt x 129.68219pt.
Package epstopdf Info: Source file: <../Figures/dekker1.eps>
(epstopdf)                    date: 2014-10-30 12:16:56
(epstopdf)                    size: 11881 bytes
(epstopdf)             Output file: <./dekker1-eps-converted-to.pdf>
(epstopdf)                    date: 2014-10-30 13:37:06
(epstopdf)                    size: 13521 bytes
(epstopdf)             Command: <repstopdf --outfile=./dekker1-eps-converted-to
.pdf ../Figures/dekker1.eps>
(epstopdf)             \includegraphics on input line 139.
Package epstopdf Info: Output file is already uptodate.

<./dekker1-eps-converted-to.pdf, id=347, 463.7325pt x 324.21124pt>
File: ./dekker1-eps-converted-to.pdf Graphic file (type pdf)

<use ./dekker1-eps-converted-to.pdf>
Package pdftex.def Info: ./dekker1-eps-converted-to.pdf used on input line 139.

(pdftex.def)             Requested size: 185.4897pt x 129.68219pt.
Package epstopdf Info: Source file: <../Figures/crez2.eps>
(epstopdf)                    date: 2014-10-30 12:11:40
(epstopdf)                    size: 16951 bytes
(epstopdf)             Output file: <./crez2-eps-converted-to.pdf>
(epstopdf)                    date: 2014-10-30 13:37:07
(epstopdf)                    size: 16767 bytes
(epstopdf)             Command: <repstopdf --outfile=./crez2-eps-converted-to.p
df ../Figures/crez2.eps>
(epstopdf)             \includegraphics on input line 140.
Package epstopdf Info: Output file is already uptodate.

<./crez2-eps-converted-to.pdf, id=348, 463.7325pt x 324.21124pt>
File: ./crez2-eps-converted-to.pdf Graphic file (type pdf)

<use ./crez2-eps-converted-to.pdf>
Package pdftex.def Info: ./crez2-eps-converted-to.pdf used on input line 140.
(pdftex.def)             Requested size: 185.4897pt x 129.68219pt.
Package epstopdf Info: Source file: <../Figures/dekker2.eps>
(epstopdf)                    date: 2014-10-30 12:16:48
(epstopdf)                    size: 11882 bytes
(epstopdf)             Output file: <./dekker2-eps-converted-to.pdf>
(epstopdf)                    date: 2014-10-30 13:37:08
(epstopdf)                    size: 13505 bytes
(epstopdf)             Command: <repstopdf --outfile=./dekker2-eps-converted-to
.pdf ../Figures/dekker2.eps>
(epstopdf)             \includegraphics on input line 141.
Package epstopdf Info: Output file is already uptodate.

<./dekker2-eps-converted-to.pdf, id=349, 463.7325pt x 324.21124pt>
File: ./dekker2-eps-converted-to.pdf Graphic file (type pdf)

<use ./dekker2-eps-converted-to.pdf>
Package pdftex.def Info: ./dekker2-eps-converted-to.pdf used on input line 141.

(pdftex.def)             Requested size: 185.4897pt x 129.68219pt.
Package epstopdf Info: Source file: <../Figures/crez3.eps>
(epstopdf)                    date: 2014-10-30 12:11:22
(epstopdf)                    size: 16827 bytes
(epstopdf)             Output file: <./crez3-eps-converted-to.pdf>
(epstopdf)                    date: 2014-10-30 13:37:09
(epstopdf)                    size: 16703 bytes
(epstopdf)             Command: <repstopdf --outfile=./crez3-eps-converted-to.p
df ../Figures/crez3.eps>
(epstopdf)             \includegraphics on input line 142.
Package epstopdf Info: Output file is already uptodate.

<./crez3-eps-converted-to.pdf, id=350, 463.7325pt x 324.21124pt>
File: ./crez3-eps-converted-to.pdf Graphic file (type pdf)

<use ./crez3-eps-converted-to.pdf>
Package pdftex.def Info: ./crez3-eps-converted-to.pdf used on input line 142.
(pdftex.def)             Requested size: 185.4897pt x 129.68219pt.
Package epstopdf Info: Source file: <../Figures/dekker3.eps>
(epstopdf)                    date: 2014-10-30 12:16:40
(epstopdf)                    size: 11877 bytes
(epstopdf)             Output file: <./dekker3-eps-converted-to.pdf>
(epstopdf)                    date: 2014-10-30 13:37:11
(epstopdf)                    size: 13500 bytes
(epstopdf)             Command: <repstopdf --outfile=./dekker3-eps-converted-to
.pdf ../Figures/dekker3.eps>
(epstopdf)             \includegraphics on input line 143.
Package epstopdf Info: Output file is already uptodate.

<./dekker3-eps-converted-to.pdf, id=351, 463.7325pt x 324.21124pt>
File: ./dekker3-eps-converted-to.pdf Graphic file (type pdf)

<use ./dekker3-eps-converted-to.pdf>
Package pdftex.def Info: ./dekker3-eps-converted-to.pdf used on input line 143.

(pdftex.def)             Requested size: 185.4897pt x 129.68219pt.
 [7


 <./crez1-eps-converted-to.pdf> <./dekker1-eps-converted-to.pdf> <./crez2-eps-c
onverted-to.pdf> <./dekker2-eps-converted-to.pdf> <./crez3-eps-converted-to.pdf
> <./dekker3-eps-converted-to.pdf>]
Package epstopdf Info: Source file: <../Figures/norm1_u.eps>
(epstopdf)                    date: 2015-02-16 16:15:58
(epstopdf)                    size: 31421 bytes
(epstopdf)             Output file: <./norm1_u-eps-converted-to.pdf>
(epstopdf)                    date: 2015-02-16 16:18:49
(epstopdf)                    size: 64563 bytes
(epstopdf)             Command: <repstopdf --outfile=./norm1_u-eps-converted-to
.pdf ../Figures/norm1_u.eps>
(epstopdf)             \includegraphics on input line 168.
Package epstopdf Info: Output file is already uptodate.

<./norm1_u-eps-converted-to.pdf, id=402, 509.905pt x 363.3575pt>
File: ./norm1_u-eps-converted-to.pdf Graphic file (type pdf)

<use ./norm1_u-eps-converted-to.pdf>
Package pdftex.def Info: ./norm1_u-eps-converted-to.pdf used on input line 168.

(pdftex.def)             Requested size: 152.97267pt x 109.00809pt.
Package epstopdf Info: Source file: <../Figures/norm2_u.eps>
(epstopdf)                    date: 2015-02-16 16:16:20
(epstopdf)                    size: 22174 bytes
(epstopdf)             Output file: <./norm2_u-eps-converted-to.pdf>
(epstopdf)                    date: 2015-02-16 16:18:50
(epstopdf)                    size: 39224 bytes
(epstopdf)             Command: <repstopdf --outfile=./norm2_u-eps-converted-to
.pdf ../Figures/norm2_u.eps>
(epstopdf)             \includegraphics on input line 169.
Package epstopdf Info: Output file is already uptodate.

<./norm2_u-eps-converted-to.pdf, id=403, 509.905pt x 363.3575pt>
File: ./norm2_u-eps-converted-to.pdf Graphic file (type pdf)

<use ./norm2_u-eps-converted-to.pdf>
Package pdftex.def Info: ./norm2_u-eps-converted-to.pdf used on input line 169.

(pdftex.def)             Requested size: 152.97267pt x 109.00809pt.
Package epstopdf Info: Source file: <../Figures/norm3_u.eps>
(epstopdf)                    date: 2015-02-16 16:16:38
(epstopdf)                    size: 28053 bytes
(epstopdf)             Output file: <./norm3_u-eps-converted-to.pdf>
(epstopdf)                    date: 2015-02-16 16:18:51
(epstopdf)                    size: 55938 bytes
(epstopdf)             Command: <repstopdf --outfile=./norm3_u-eps-converted-to
.pdf ../Figures/norm3_u.eps>
(epstopdf)             \includegraphics on input line 170.
Package epstopdf Info: Output file is already uptodate.

<./norm3_u-eps-converted-to.pdf, id=404, 509.905pt x 363.3575pt>
File: ./norm3_u-eps-converted-to.pdf Graphic file (type pdf)

<use ./norm3_u-eps-converted-to.pdf>
Package pdftex.def Info: ./norm3_u-eps-converted-to.pdf used on input line 170.

(pdftex.def)             Requested size: 152.97267pt x 109.00809pt.
Package epstopdf Info: Source file: <../Figures/r3.eps>
(epstopdf)                    date: 2015-02-16 16:17:55
(epstopdf)                    size: 31534 bytes
(epstopdf)             Output file: <./r3-eps-converted-to.pdf>
(epstopdf)                    date: 2015-02-16 16:18:53
(epstopdf)                    size: 64878 bytes
(epstopdf)             Command: <repstopdf --outfile=./r3-eps-converted-to.pdf 
../Figures/r3.eps>
(epstopdf)             \includegraphics on input line 180.
Package epstopdf Info: Output file is already uptodate.

<./r3-eps-converted-to.pdf, id=405, 509.905pt x 363.3575pt>
File: ./r3-eps-converted-to.pdf Graphic file (type pdf)

<use ./r3-eps-converted-to.pdf>
Package pdftex.def Info: ./r3-eps-converted-to.pdf used on input line 180.
(pdftex.def)             Requested size: 152.97267pt x 109.00809pt.


Package natbib Warning: Citation `bolker2012getting' on page 8 undefined on inp
ut line 190.


Underfull \hbox (badness 10000) in paragraph at lines 189--191

 []

[8 <./norm1_u-eps-converted-to.pdf> <./norm2_u-eps-converted-to.pdf> <./norm3_u
-eps-converted-to.pdf> <./r3-eps-converted-to.pdf>] [9]
Underfull \hbox (badness 10000) in paragraph at lines 210--210
[]|\OT1/cmr/m/n/9 sample
 []


Underfull \hbox (badness 2818) in paragraph at lines 211--211
[]|\OT1/cmr/m/n/9 Col-0, bzr1-1D, pifq and
 []


Underfull \hbox (badness 10000) in paragraph at lines 211--211
[]|\OT1/cmr/m/n/9 GSM912634-
 []


Underfull \hbox (badness 10000) in paragraph at lines 212--212
[]|\OT1/cmr/m/n/9 Transgenic line rve8-1
 []


Underfull \hbox (badness 10000) in paragraph at lines 212--212
[]|\OT1/cmr/m/n/9 GSM951349-
 []


Underfull \hbox (badness 10000) in paragraph at lines 213--213
[]|\OT1/cmr/m/n/9 wild-type and link1link2
 []


Underfull \hbox (badness 10000) in paragraph at lines 213--213
[]|\OT1/cmr/m/n/9 GSM1072464-
 []


Underfull \hbox (badness 3138) in paragraph at lines 214--214
\OT1/cmr/m/n/9 the phyA-1 mu-tant were
 []


Underfull \hbox (badness 10000) in paragraph at lines 214--214
[]|\OT1/cmr/m/n/9 GSM1184353-
 []


Underfull \hbox (badness 10000) in paragraph at lines 214--214
\OT1/cmr/m/n/9 GSM1184358,
 []


Underfull \hbox (badness 10000) in paragraph at lines 214--214
\OT1/cmr/m/n/9 GSM1401633-
 []


Underfull \hbox (badness 10000) in paragraph at lines 215--215
[]|\OT1/cmr/m/n/9 homozygous ibh1(SALK
 []


Underfull \hbox (badness 10000) in paragraph at lines 215--215
\OT1/cmr/m/n/9 049177), ibl1(SALK
 []


Underfull \hbox (badness 10000) in paragraph at lines 215--215
\OT1/cmr/m/n/9 119457), 35Spro:IBH1-
 []


Underfull \hbox (badness 10000) in paragraph at lines 215--215
[]|\OT1/cmr/m/n/9 GSM1239079-
 []


Underfull \hbox (badness 10000) in paragraph at lines 216--216
[]|\OT1/cmr/m/n/9 GSM1252262-
 []


Underfull \hbox (badness 10000) in paragraph at lines 217--217
[]|\OT1/cmr/m/n/9 GSM1281703-
 []


Underfull \hbox (badness 3407) in paragraph at lines 218--218
[]|\OT1/cmr/m/n/9 cR-grown WT and hid1,
 []


Underfull \hbox (badness 4441) in paragraph at lines 218--218
\OT1/cmr/m/n/9 three bi-o-log-i-cal repli-cates
 []


Underfull \hbox (badness 10000) in paragraph at lines 218--218
[]|\OT1/cmr/m/n/9 GSM1390693-
 []


Underfull \hbox (badness 5592) in paragraph at lines 219--219
[]|\OT1/cmr/m/n/9 GFP-FHY1 fhy1-1 trans-
 []


Underfull \hbox (badness 10000) in paragraph at lines 219--219
\OT1/cmr/m/n/9 grown un-der the same
 []


Underfull \hbox (badness 10000) in paragraph at lines 219--219
\OT1/cmr/m/n/9 light con-di-tions used
 []


Underfull \hbox (badness 10000) in paragraph at lines 219--219
[]|\OT1/cmr/m/n/9 GSM1400495-
 []

[10]
Underfull \hbox (badness 10000) in paragraph at lines 231--231
[]|\OT1/cmr/m/n/9 sample
 []


Underfull \hbox (badness 10000) in paragraph at lines 232--232
[]|\OT1/cmr/m/n/9 SRR401413-
 []


Underfull \hbox (badness 10000) in paragraph at lines 233--233
[]|\OT1/cmr/m/n/9 bzr1-1D and WT were
 []


Underfull \hbox (badness 4886) in paragraph at lines 233--233
\OT1/cmr/m/n/9 then treated with 10uM
 []


Underfull \hbox (badness 10000) in paragraph at lines 233--233
[]|\OT1/cmr/m/n/9 GSM867674-
 []


Underfull \hbox (badness 10000) in paragraph at lines 233--233
\OT1/cmr/m/n/9 GSM867678,
 []


Underfull \hbox (badness 10000) in paragraph at lines 233--233
\OT1/cmr/m/n/9 GSM951964-
 []


Underfull \hbox (badness 10000) in paragraph at lines 234--234
[]|\OT1/cmr/m/n/9 GSM1072464-
 []


Underfull \hbox (badness 10000) in paragraph at lines 235--235
[]|\OT1/cmr/m/n/9 GSM1303953-
 []

[11



]
Underfull \hbox (badness 10000) in paragraph at lines 246--246
[]|\OT1/cmr/m/n/9 sample
 []


Underfull \hbox (badness 10000) in paragraph at lines 247--247
[]|\OT1/cmr/m/n/9 GSM897684-
 []


Underfull \hbox (badness 1127) in paragraph at lines 248--248
[]|\OT1/cmr/m/n/9 Columbia-0 pen2-1 pad4-1
 []


Underfull \hbox (badness 1527) in paragraph at lines 248--248
\OT1/cmr/m/n/9 ples were col-lected at 24
 []


Underfull \hbox (badness 10000) in paragraph at lines 249--249
[]|\OT1/cmr/m/n/9 GSM1072464-
 []


Underfull \hbox (badness 10000) in paragraph at lines 250--250
[]|\OT1/cmr/m/n/9 GSM1242374-
 []


Underfull \hbox (badness 10000) in paragraph at lines 251--251
[]|\OT1/cmr/m/n/9 GSM1321694-
 []

[12


]
Package epstopdf Info: Source file: <../Figures/rank_sl.eps>
(epstopdf)                    date: 2015-02-16 13:02:09
(epstopdf)                    size: 64038 bytes
(epstopdf)             Output file: <./rank_sl-eps-converted-to.pdf>
(epstopdf)                    date: 2015-02-16 13:02:21
(epstopdf)                    size: 14176 bytes
(epstopdf)             Command: <repstopdf --outfile=./rank_sl-eps-converted-to
.pdf ../Figures/rank_sl.eps>
(epstopdf)             \includegraphics on input line 259.
Package epstopdf Info: Output file is already uptodate.
 <./rank_sl-eps-converted-to.pdf, id=460, 447.6725pt x 363.3575pt>
File: ./rank_sl-eps-converted-to.pdf Graphic file (type pdf)

<use ./rank_sl-eps-converted-to.pdf>
Package pdftex.def Info: ./rank_sl-eps-converted-to.pdf used on input line 259.

(pdftex.def)             Requested size: 223.8357pt x 181.6783pt.
Package epstopdf Info: Source file: <../Figures/rank_st.eps>
(epstopdf)                    date: 2015-02-16 13:01:55
(epstopdf)                    size: 62983 bytes
(epstopdf)             Output file: <./rank_st-eps-converted-to.pdf>
(epstopdf)                    date: 2015-02-16 13:02:22
(epstopdf)                    size: 14078 bytes
(epstopdf)             Command: <repstopdf --outfile=./rank_st-eps-converted-to
.pdf ../Figures/rank_st.eps>
(epstopdf)             \includegraphics on input line 260.
Package epstopdf Info: Output file is already uptodate.

<./rank_st-eps-converted-to.pdf, id=461, 447.6725pt x 363.3575pt>
File: ./rank_st-eps-converted-to.pdf Graphic file (type pdf)

<use ./rank_st-eps-converted-to.pdf>
Package pdftex.def Info: ./rank_st-eps-converted-to.pdf used on input line 260.

(pdftex.def)             Requested size: 223.8357pt x 181.6783pt.
 [13

 <./rank_sl-eps-converted-to.pdf> <./rank_st-eps-converted-to.pdf>] (./stable.b
bl)

Package natbib Warning: There were undefined citations.

Package atveryend Info: Empty hook `BeforeClearDocument' on input line 271.
[14]
Package atveryend Info: Empty hook `AfterLastShipout' on input line 271.
 (./stable.aux)
Package atveryend Info: Executing hook `AtVeryEndDocument' on input line 271.
Package atveryend Info: Executing hook `AtEndAfterFileList' on input line 271.
Package rerunfilecheck Info: File `stable.out' has not changed.
(rerunfilecheck)             Checksum: E084825CBC79101B82889B1E613044A0;784.


LaTeX Warning: There were multiply-defined labels.

Package atveryend Info: Empty hook `AtVeryVeryEnd' on input line 271.
 ) 
Here is how much of TeX's memory you used:
 7831 strings out of 493315
 112819 string characters out of 6137904
 217969 words of memory out of 5000000
 11080 multiletter control sequences out of 15000+600000
 16499 words of font info for 58 fonts, out of 8000000 for 9000
 957 hyphenation exceptions out of 8191
 30i,11n,35p,1378b,387s stack positions out of 5000i,500n,10000p,200000b,80000s
</usr/local/texlive/2013/texmf-dist/fonts/type1/public/amsfonts/cmextra/cmbsy
8.pfb></usr/local/texlive/2013/texmf-dist/fonts/type1/public/amsfonts/cm/cmbx10
.pfb></usr/local/texlive/2013/texmf-dist/fonts/type1/public/amsfonts/cm/cmbx12.
pfb></usr/local/texlive/2013/texmf-dist/fonts/type1/public/amsfonts/cm/cmbx8.pf
b></usr/local/texlive/2013/texmf-dist/fonts/type1/public/amsfonts/cm/cmex10.pfb
></usr/local/texlive/2013/texmf-dist/fonts/type1/public/amsfonts/cm/cmmi10.pfb>
</usr/local/texlive/2013/texmf-dist/fonts/type1/public/amsfonts/cm/cmmi6.pfb></
usr/local/texlive/2013/texmf-dist/fonts/type1/public/amsfonts/cm/cmmi8.pfb></us
r/local/texlive/2013/texmf-dist/fonts/type1/public/amsfonts/cm/cmmib10.pfb></us
r/local/texlive/2013/texmf-dist/fonts/type1/public/amsfonts/cmextra/cmmib8.pfb>
</usr/local/texlive/2013/texmf-dist/fonts/type1/public/amsfonts/cm/cmr10.pfb></
usr/local/texlive/2013/texmf-dist/fonts/type1/public/amsfonts/cm/cmr17.pfb></us
r/local/texlive/2013/texmf-dist/fonts/type1/public/amsfonts/cm/cmr8.pfb></usr/l
ocal/texlive/2013/texmf-dist/fonts/type1/public/amsfonts/cm/cmr9.pfb></usr/loca
l/texlive/2013/texmf-dist/fonts/type1/public/amsfonts/cm/cmsy10.pfb></usr/local
/texlive/2013/texmf-dist/fonts/type1/public/amsfonts/cm/cmsy8.pfb></usr/local/t
exlive/2013/texmf-dist/fonts/type1/public/amsfonts/cm/cmti10.pfb></usr/local/te
xlive/2013/texmf-dist/fonts/type1/public/amsfonts/cm/cmtt10.pfb>
Output written on stable.pdf (14 pages, 760926 bytes).
PDF statistics:
 561 PDF objects out of 1000 (max. 8388607)
 430 compressed objects within 5 object streams
 57 named destinations out of 1000 (max. 500000)
 248 words of extra memory for PDF output out of 10000 (max. 10000000)

